2025-06-29T08:54:58.264Z ℹ️ [INFO] [SecurityMiddleware] Security middleware initialized
2025-06-29T08:54:58.308Z ℹ️ [INFO] [SecurityMiddleware] Security middleware initialized
2025-06-29T08:54:58.312Z ℹ️ [INFO] [SecurityMiddleware] Security middleware initialized
2025-06-29T08:54:58.321Z ⚠️ [WARN] [SecurityMiddleware] Invalid API key attempt from IP: 192.168.1.1
2025-06-29T08:54:58.315Z ℹ️ [INFO] [SecurityMiddleware] Security middleware initialized
2025-06-29T08:54:58.329Z ℹ️ [INFO] [SecurityMiddleware] Security middleware initialized
2025-06-29T08:54:58.319Z ℹ️ [INFO] [SecurityMiddleware] Security middleware initialized
2025-06-29T08:54:58.337Z ℹ️ [INFO] [SecurityMiddleware] Security middleware initialized
2025-06-29T08:54:58.331Z ℹ️ [INFO] [SecurityMiddleware] Security middleware initialized
2025-06-29T08:54:58.334Z ℹ️ [INFO] [SecurityMiddleware] Security middleware initialized
2025-06-29T08:54:58.344Z ℹ️ [INFO] [SecurityMiddleware] Security middleware initialized
2025-06-29T08:54:58.341Z ℹ️ [INFO] [SecurityMiddleware] Security middleware initialized
2025-06-29T08:54:58.346Z ℹ️ [INFO] [SecurityMiddleware] Security middleware initialized
2025-06-29T08:55:03.264Z ℹ️ [INFO] [RateLimiter] Traffic Statistics: { totalRequests: 0,
  uniqueIPs: 0,
  blockedRequests: 0,
  rateLimitHits: 0,
  suspiciousIPs: 0,
  topEndpoints: [] }
2025-06-29T08:55:03.308Z ℹ️ [INFO] [RateLimiter] Traffic Statistics: { totalRequests: 0,
  uniqueIPs: 0,
  blockedRequests: 0,
  rateLimitHits: 0,
  suspiciousIPs: 0,
  topEndpoints: [] }
2025-06-29T08:55:03.343Z ℹ️ [INFO] [RateLimiter] Traffic Statistics: { totalRequests: 0,
  uniqueIPs: 0,
  blockedRequests: 0,
  rateLimitHits: 0,
  suspiciousIPs: 0,
  topEndpoints: [] }
2025-06-29T08:55:03.346Z ℹ️ [INFO] [RateLimiter] Traffic Statistics: { totalRequests: 0,
  uniqueIPs: 0,
  blockedRequests: 0,
  rateLimitHits: 0,
  suspiciousIPs: 0,
  topEndpoints: [] }
2025-06-29T08:55:03.351Z ℹ️ [INFO] [RateLimiter] Traffic Statistics: { totalRequests: 0,
  uniqueIPs: 0,
  blockedRequests: 0,
  rateLimitHits: 0,
  suspiciousIPs: 0,
  topEndpoints: [] }
2025-06-29T08:55:03.313Z ℹ️ [INFO] [RateLimiter] Traffic Statistics: { totalRequests: 0,
  uniqueIPs: 0,
  blockedRequests: 0,
  rateLimitHits: 0,
  suspiciousIPs: 0,
  topEndpoints: [] }
2025-06-29T08:55:03.354Z ℹ️ [INFO] [RateLimiter] Traffic Statistics: { totalRequests: 0,
  uniqueIPs: 0,
  blockedRequests: 0,
  rateLimitHits: 0,
  suspiciousIPs: 0,
  topEndpoints: [] }
2025-06-29T08:55:03.392Z ℹ️ [INFO] [RateLimiter] Traffic Statistics: { totalRequests: 0,
  uniqueIPs: 0,
  blockedRequests: 0,
  rateLimitHits: 0,
  suspiciousIPs: 0,
  topEndpoints: [] }
2025-06-29T08:55:03.386Z ℹ️ [INFO] [RateLimiter] Traffic Statistics: { totalRequests: 0,
  uniqueIPs: 0,
  blockedRequests: 0,
  rateLimitHits: 0,
  suspiciousIPs: 0,
  topEndpoints: [] }
2025-06-29T08:55:03.389Z ℹ️ [INFO] [RateLimiter] Traffic Statistics: { totalRequests: 0,
  uniqueIPs: 0,
  blockedRequests: 0,
  rateLimitHits: 0,
  suspiciousIPs: 0,
  topEndpoints: [] }
2025-06-29T08:55:03.395Z ℹ️ [INFO] [RateLimiter] Traffic Statistics: { totalRequests: 0,
  uniqueIPs: 0,
  blockedRequests: 0,
  rateLimitHits: 0,
  suspiciousIPs: 0,
  topEndpoints: [] }
2025-06-29T08:55:03.400Z ℹ️ [INFO] [RateLimiter] Traffic Statistics: { totalRequests: 0,
  uniqueIPs: 0,
  blockedRequests: 0,
  rateLimitHits: 0,
  suspiciousIPs: 0,
  topEndpoints: [] }
2025-06-29T08:55:08.265Z ℹ️ [INFO] [RateLimiter] Traffic Statistics: { totalRequests: 0,
  uniqueIPs: 0,
  blockedRequests: 0,
  rateLimitHits: 0,
  suspiciousIPs: 0,
  topEndpoints: [] }
2025-06-29T08:55:08.309Z ℹ️ [INFO] [RateLimiter] Traffic Statistics: { totalRequests: 0,
  uniqueIPs: 0,
  blockedRequests: 0,
  rateLimitHits: 0,
  suspiciousIPs: 0,
  topEndpoints: [] }
2025-06-29T08:55:08.313Z ℹ️ [INFO] [RateLimiter] Traffic Statistics: { totalRequests: 0,
  uniqueIPs: 0,
  blockedRequests: 0,
  rateLimitHits: 0,
  suspiciousIPs: 0,
  topEndpoints: [] }
2025-06-29T08:55:08.343Z ℹ️ [INFO] [RateLimiter] Traffic Statistics: { totalRequests: 0,
  uniqueIPs: 0,
  blockedRequests: 0,
  rateLimitHits: 0,
  suspiciousIPs: 0,
  topEndpoints: [] }
2025-06-29T08:55:08.346Z ℹ️ [INFO] [RateLimiter] Traffic Statistics: { totalRequests: 0,
  uniqueIPs: 0,
  blockedRequests: 0,
  rateLimitHits: 0,
  suspiciousIPs: 0,
  topEndpoints: [] }
2025-06-29T08:55:08.352Z ℹ️ [INFO] [RateLimiter] Traffic Statistics: { totalRequests: 0,
  uniqueIPs: 0,
  blockedRequests: 0,
  rateLimitHits: 0,
  suspiciousIPs: 0,
  topEndpoints: [] }
2025-06-29T08:55:08.354Z ℹ️ [INFO] [RateLimiter] Traffic Statistics: { totalRequests: 0,
  uniqueIPs: 0,
  blockedRequests: 0,
  rateLimitHits: 0,
  suspiciousIPs: 0,
  topEndpoints: [] }
2025-06-29T08:55:08.387Z ℹ️ [INFO] [RateLimiter] Traffic Statistics: { totalRequests: 0,
  uniqueIPs: 0,
  blockedRequests: 0,
  rateLimitHits: 0,
  suspiciousIPs: 0,
  topEndpoints: [] }
2025-06-29T08:55:08.389Z ℹ️ [INFO] [RateLimiter] Traffic Statistics: { totalRequests: 0,
  uniqueIPs: 0,
  blockedRequests: 0,
  rateLimitHits: 0,
  suspiciousIPs: 0,
  topEndpoints: [] }
2025-06-29T08:55:08.393Z ℹ️ [INFO] [RateLimiter] Traffic Statistics: { totalRequests: 0,
  uniqueIPs: 0,
  blockedRequests: 0,
  rateLimitHits: 0,
  suspiciousIPs: 0,
  topEndpoints: [] }
2025-06-29T08:55:08.395Z ℹ️ [INFO] [RateLimiter] Traffic Statistics: { totalRequests: 0,
  uniqueIPs: 0,
  blockedRequests: 0,
  rateLimitHits: 0,
  suspiciousIPs: 0,
  topEndpoints: [] }
2025-06-29T08:55:08.401Z ℹ️ [INFO] [RateLimiter] Traffic Statistics: { totalRequests: 0,
  uniqueIPs: 0,
  blockedRequests: 0,
  rateLimitHits: 0,
  suspiciousIPs: 0,
  topEndpoints: [] }
2025-06-29T08:55:13.267Z ℹ️ [INFO] [RateLimiter] Traffic Statistics: { totalRequests: 0,
  uniqueIPs: 0,
  blockedRequests: 0,
  rateLimitHits: 0,
  suspiciousIPs: 0,
  topEndpoints: [] }
2025-06-29T08:55:13.309Z ℹ️ [INFO] [RateLimiter] Traffic Statistics: { totalRequests: 0,
  uniqueIPs: 0,
  blockedRequests: 0,
  rateLimitHits: 0,
  suspiciousIPs: 0,
  topEndpoints: [] }
2025-06-29T08:55:13.331Z ℹ️ [INFO] [RateLimiter] Traffic Statistics: { totalRequests: 0,
  uniqueIPs: 0,
  blockedRequests: 0,
  rateLimitHits: 0,
  suspiciousIPs: 0,
  topEndpoints: [] }
2025-06-29T08:55:13.349Z ℹ️ [INFO] [RateLimiter] Traffic Statistics: { totalRequests: 0,
  uniqueIPs: 0,
  blockedRequests: 0,
  rateLimitHits: 0,
  suspiciousIPs: 0,
  topEndpoints: [] }
2025-06-29T08:55:13.344Z ℹ️ [INFO] [RateLimiter] Traffic Statistics: { totalRequests: 0,
  uniqueIPs: 0,
  blockedRequests: 0,
  rateLimitHits: 0,
  suspiciousIPs: 0,
  topEndpoints: [] }
2025-06-29T08:55:13.352Z ℹ️ [INFO] [RateLimiter] Traffic Statistics: { totalRequests: 0,
  uniqueIPs: 0,
  blockedRequests: 0,
  rateLimitHits: 0,
  suspiciousIPs: 0,
  topEndpoints: [] }
2025-06-29T08:55:13.357Z ℹ️ [INFO] [RateLimiter] Traffic Statistics: { totalRequests: 0,
  uniqueIPs: 0,
  blockedRequests: 0,
  rateLimitHits: 0,
  suspiciousIPs: 0,
  topEndpoints: [] }
2025-06-29T08:55:13.387Z ℹ️ [INFO] [RateLimiter] Traffic Statistics: { totalRequests: 0,
  uniqueIPs: 0,
  blockedRequests: 0,
  rateLimitHits: 0,
  suspiciousIPs: 0,
  topEndpoints: [] }
2025-06-29T08:55:13.389Z ℹ️ [INFO] [RateLimiter] Traffic Statistics: { totalRequests: 0,
  uniqueIPs: 0,
  blockedRequests: 0,
  rateLimitHits: 0,
  suspiciousIPs: 0,
  topEndpoints: [] }
2025-06-29T08:55:13.393Z ℹ️ [INFO] [RateLimiter] Traffic Statistics: { totalRequests: 0,
  uniqueIPs: 0,
  blockedRequests: 0,
  rateLimitHits: 0,
  suspiciousIPs: 0,
  topEndpoints: [] }
2025-06-29T08:55:13.397Z ℹ️ [INFO] [RateLimiter] Traffic Statistics: { totalRequests: 0,
  uniqueIPs: 0,
  blockedRequests: 0,
  rateLimitHits: 0,
  suspiciousIPs: 0,
  topEndpoints: [] }
2025-06-29T08:55:13.402Z ℹ️ [INFO] [RateLimiter] Traffic Statistics: { totalRequests: 0,
  uniqueIPs: 0,
  blockedRequests: 0,
  rateLimitHits: 0,
  suspiciousIPs: 0,
  topEndpoints: [] }
2025-06-29T08:55:18.267Z ℹ️ [INFO] [RateLimiter] Traffic Statistics: { totalRequests: 0,
  uniqueIPs: 0,
  blockedRequests: 0,
  rateLimitHits: 0,
  suspiciousIPs: 0,
  topEndpoints: [] }
2025-06-29T08:55:18.310Z ℹ️ [INFO] [RateLimiter] Traffic Statistics: { totalRequests: 0,
  uniqueIPs: 0,
  blockedRequests: 0,
  rateLimitHits: 0,
  suspiciousIPs: 0,
  topEndpoints: [] }
2025-06-29T08:55:18.332Z ℹ️ [INFO] [RateLimiter] Traffic Statistics: { totalRequests: 0,
  uniqueIPs: 0,
  blockedRequests: 0,
  rateLimitHits: 0,
  suspiciousIPs: 0,
  topEndpoints: [] }
2025-06-29T08:55:18.345Z ℹ️ [INFO] [RateLimiter] Traffic Statistics: { totalRequests: 0,
  uniqueIPs: 0,
  blockedRequests: 0,
  rateLimitHits: 0,
  suspiciousIPs: 0,
  topEndpoints: [] }
2025-06-29T08:55:18.350Z ℹ️ [INFO] [RateLimiter] Traffic Statistics: { totalRequests: 0,
  uniqueIPs: 0,
  blockedRequests: 0,
  rateLimitHits: 0,
  suspiciousIPs: 0,
  topEndpoints: [] }
2025-06-29T08:55:18.354Z ℹ️ [INFO] [RateLimiter] Traffic Statistics: { totalRequests: 0,
  uniqueIPs: 0,
  blockedRequests: 0,
  rateLimitHits: 0,
  suspiciousIPs: 0,
  topEndpoints: [] }
2025-06-29T08:55:18.357Z ℹ️ [INFO] [RateLimiter] Traffic Statistics: { totalRequests: 0,
  uniqueIPs: 0,
  blockedRequests: 0,
  rateLimitHits: 0,
  suspiciousIPs: 0,
  topEndpoints: [] }
2025-06-29T08:55:18.388Z ℹ️ [INFO] [RateLimiter] Traffic Statistics: { totalRequests: 0,
  uniqueIPs: 0,
  blockedRequests: 0,
  rateLimitHits: 0,
  suspiciousIPs: 0,
  topEndpoints: [] }
2025-06-29T08:55:18.391Z ℹ️ [INFO] [RateLimiter] Traffic Statistics: { totalRequests: 0,
  uniqueIPs: 0,
  blockedRequests: 0,
  rateLimitHits: 0,
  suspiciousIPs: 0,
  topEndpoints: [] }
2025-06-29T08:55:18.393Z ℹ️ [INFO] [RateLimiter] Traffic Statistics: { totalRequests: 0,
  uniqueIPs: 0,
  blockedRequests: 0,
  rateLimitHits: 0,
  suspiciousIPs: 0,
  topEndpoints: [] }
2025-06-29T08:55:18.397Z ℹ️ [INFO] [RateLimiter] Traffic Statistics: { totalRequests: 0,
  uniqueIPs: 0,
  blockedRequests: 0,
  rateLimitHits: 0,
  suspiciousIPs: 0,
  topEndpoints: [] }
2025-06-29T08:55:18.401Z ℹ️ [INFO] [RateLimiter] Traffic Statistics: { totalRequests: 0,
  uniqueIPs: 0,
  blockedRequests: 0,
  rateLimitHits: 0,
  suspiciousIPs: 0,
  topEndpoints: [] }
2025-06-29T08:55:23.268Z ℹ️ [INFO] [RateLimiter] Traffic Statistics: { totalRequests: 0,
  uniqueIPs: 0,
  blockedRequests: 0,
  rateLimitHits: 0,
  suspiciousIPs: 0,
  topEndpoints: [] }
2025-06-29T08:55:23.310Z ℹ️ [INFO] [RateLimiter] Traffic Statistics: { totalRequests: 0,
  uniqueIPs: 0,
  blockedRequests: 0,
  rateLimitHits: 0,
  suspiciousIPs: 0,
  topEndpoints: [] }
2025-06-29T08:55:23.332Z ℹ️ [INFO] [RateLimiter] Traffic Statistics: { totalRequests: 0,
  uniqueIPs: 0,
  blockedRequests: 0,
  rateLimitHits: 0,
  suspiciousIPs: 0,
  topEndpoints: [] }
2025-06-29T08:55:23.347Z ℹ️ [INFO] [RateLimiter] Traffic Statistics: { totalRequests: 0,
  uniqueIPs: 0,
  blockedRequests: 0,
  rateLimitHits: 0,
  suspiciousIPs: 0,
  topEndpoints: [] }
2025-06-29T08:55:23.350Z ℹ️ [INFO] [RateLimiter] Traffic Statistics: { totalRequests: 0,
  uniqueIPs: 0,
  blockedRequests: 0,
  rateLimitHits: 0,
  suspiciousIPs: 0,
  topEndpoints: [] }
2025-06-29T08:55:23.353Z ℹ️ [INFO] [RateLimiter] Traffic Statistics: { totalRequests: 0,
  uniqueIPs: 0,
  blockedRequests: 0,
  rateLimitHits: 0,
  suspiciousIPs: 0,
  topEndpoints: [] }
2025-06-29T08:55:23.357Z ℹ️ [INFO] [RateLimiter] Traffic Statistics: { totalRequests: 0,
  uniqueIPs: 0,
  blockedRequests: 0,
  rateLimitHits: 0,
  suspiciousIPs: 0,
  topEndpoints: [] }
2025-06-29T08:55:23.387Z ℹ️ [INFO] [RateLimiter] Traffic Statistics: { totalRequests: 0,
  uniqueIPs: 0,
  blockedRequests: 0,
  rateLimitHits: 0,
  suspiciousIPs: 0,
  topEndpoints: [] }
2025-06-29T08:55:23.391Z ℹ️ [INFO] [RateLimiter] Traffic Statistics: { totalRequests: 0,
  uniqueIPs: 0,
  blockedRequests: 0,
  rateLimitHits: 0,
  suspiciousIPs: 0,
  topEndpoints: [] }
2025-06-29T08:55:23.394Z ℹ️ [INFO] [RateLimiter] Traffic Statistics: { totalRequests: 0,
  uniqueIPs: 0,
  blockedRequests: 0,
  rateLimitHits: 0,
  suspiciousIPs: 0,
  topEndpoints: [] }
2025-06-29T08:55:23.397Z ℹ️ [INFO] [RateLimiter] Traffic Statistics: { totalRequests: 0,
  uniqueIPs: 0,
  blockedRequests: 0,
  rateLimitHits: 0,
  suspiciousIPs: 0,
  topEndpoints: [] }
2025-06-29T08:55:23.402Z ℹ️ [INFO] [RateLimiter] Traffic Statistics: { totalRequests: 0,
  uniqueIPs: 0,
  blockedRequests: 0,
  rateLimitHits: 0,
  suspiciousIPs: 0,
  topEndpoints: [] }
2025-06-29T08:55:28.268Z ℹ️ [INFO] [RateLimiter] Traffic Statistics: { totalRequests: 0,
  uniqueIPs: 0,
  blockedRequests: 0,
  rateLimitHits: 0,
  suspiciousIPs: 0,
  topEndpoints: [] }
2025-06-29T08:55:28.311Z ℹ️ [INFO] [RateLimiter] Traffic Statistics: { totalRequests: 0,
  uniqueIPs: 0,
  blockedRequests: 0,
  rateLimitHits: 0,
  suspiciousIPs: 0,
  topEndpoints: [] }
2025-06-29T08:55:28.333Z ℹ️ [INFO] [RateLimiter] Traffic Statistics: { totalRequests: 0,
  uniqueIPs: 0,
  blockedRequests: 0,
  rateLimitHits: 0,
  suspiciousIPs: 0,
  topEndpoints: [] }
2025-06-29T08:55:28.347Z ℹ️ [INFO] [RateLimiter] Traffic Statistics: { totalRequests: 0,
  uniqueIPs: 0,
  blockedRequests: 0,
  rateLimitHits: 0,
  suspiciousIPs: 0,
  topEndpoints: [] }
2025-06-29T08:55:28.350Z ℹ️ [INFO] [RateLimiter] Traffic Statistics: { totalRequests: 0,
  uniqueIPs: 0,
  blockedRequests: 0,
  rateLimitHits: 0,
  suspiciousIPs: 0,
  topEndpoints: [] }
2025-06-29T08:55:28.354Z ℹ️ [INFO] [RateLimiter] Traffic Statistics: { totalRequests: 0,
  uniqueIPs: 0,
  blockedRequests: 0,
  rateLimitHits: 0,
  suspiciousIPs: 0,
  topEndpoints: [] }
2025-06-29T08:55:28.358Z ℹ️ [INFO] [RateLimiter] Traffic Statistics: { totalRequests: 0,
  uniqueIPs: 0,
  blockedRequests: 0,
  rateLimitHits: 0,
  suspiciousIPs: 0,
  topEndpoints: [] }
2025-06-29T08:55:28.388Z ℹ️ [INFO] [RateLimiter] Traffic Statistics: { totalRequests: 0,
  uniqueIPs: 0,
  blockedRequests: 0,
  rateLimitHits: 0,
  suspiciousIPs: 0,
  topEndpoints: [] }
2025-06-29T08:55:28.392Z ℹ️ [INFO] [RateLimiter] Traffic Statistics: { totalRequests: 0,
  uniqueIPs: 0,
  blockedRequests: 0,
  rateLimitHits: 0,
  suspiciousIPs: 0,
  topEndpoints: [] }
2025-06-29T08:55:28.394Z ℹ️ [INFO] [RateLimiter] Traffic Statistics: { totalRequests: 0,
  uniqueIPs: 0,
  blockedRequests: 0,
  rateLimitHits: 0,
  suspiciousIPs: 0,
  topEndpoints: [] }
2025-06-29T08:55:28.398Z ℹ️ [INFO] [RateLimiter] Traffic Statistics: { totalRequests: 0,
  uniqueIPs: 0,
  blockedRequests: 0,
  rateLimitHits: 0,
  suspiciousIPs: 0,
  topEndpoints: [] }
2025-06-29T08:55:28.401Z ℹ️ [INFO] [RateLimiter] Traffic Statistics: { totalRequests: 0,
  uniqueIPs: 0,
  blockedRequests: 0,
  rateLimitHits: 0,
  suspiciousIPs: 0,
  topEndpoints: [] }
2025-06-29T08:55:33.270Z ℹ️ [INFO] [RateLimiter] Traffic Statistics: { totalRequests: 0,
  uniqueIPs: 0,
  blockedRequests: 0,
  rateLimitHits: 0,
  suspiciousIPs: 0,
  topEndpoints: [] }
2025-06-29T08:55:33.311Z ℹ️ [INFO] [RateLimiter] Traffic Statistics: { totalRequests: 0,
  uniqueIPs: 0,
  blockedRequests: 0,
  rateLimitHits: 0,
  suspiciousIPs: 0,
  topEndpoints: [] }
2025-06-29T08:55:33.332Z ℹ️ [INFO] [RateLimiter] Traffic Statistics: { totalRequests: 0,
  uniqueIPs: 0,
  blockedRequests: 0,
  rateLimitHits: 0,
  suspiciousIPs: 0,
  topEndpoints: [] }
2025-06-29T08:55:33.348Z ℹ️ [INFO] [RateLimiter] Traffic Statistics: { totalRequests: 0,
  uniqueIPs: 0,
  blockedRequests: 0,
  rateLimitHits: 0,
  suspiciousIPs: 0,
  topEndpoints: [] }
2025-06-29T08:55:33.350Z ℹ️ [INFO] [RateLimiter] Traffic Statistics: { totalRequests: 0,
  uniqueIPs: 0,
  blockedRequests: 0,
  rateLimitHits: 0,
  suspiciousIPs: 0,
  topEndpoints: [] }
2025-06-29T08:55:33.353Z ℹ️ [INFO] [RateLimiter] Traffic Statistics: { totalRequests: 0,
  uniqueIPs: 0,
  blockedRequests: 0,
  rateLimitHits: 0,
  suspiciousIPs: 0,
  topEndpoints: [] }
2025-06-29T08:55:33.358Z ℹ️ [INFO] [RateLimiter] Traffic Statistics: { totalRequests: 0,
  uniqueIPs: 0,
  blockedRequests: 0,
  rateLimitHits: 0,
  suspiciousIPs: 0,
  topEndpoints: [] }
2025-06-29T08:55:33.389Z ℹ️ [INFO] [RateLimiter] Traffic Statistics: { totalRequests: 0,
  uniqueIPs: 0,
  blockedRequests: 0,
  rateLimitHits: 0,
  suspiciousIPs: 0,
  topEndpoints: [] }
2025-06-29T08:55:33.391Z ℹ️ [INFO] [RateLimiter] Traffic Statistics: { totalRequests: 0,
  uniqueIPs: 0,
  blockedRequests: 0,
  rateLimitHits: 0,
  suspiciousIPs: 0,
  topEndpoints: [] }
2025-06-29T08:55:33.429Z ℹ️ [INFO] [RateLimiter] Traffic Statistics: { totalRequests: 0,
  uniqueIPs: 0,
  blockedRequests: 0,
  rateLimitHits: 0,
  suspiciousIPs: 0,
  topEndpoints: [] }
2025-06-29T08:55:33.426Z ℹ️ [INFO] [RateLimiter] Traffic Statistics: { totalRequests: 0,
  uniqueIPs: 0,
  blockedRequests: 0,
  rateLimitHits: 0,
  suspiciousIPs: 0,
  topEndpoints: [] }
2025-06-29T08:55:33.432Z ℹ️ [INFO] [RateLimiter] Traffic Statistics: { totalRequests: 0,
  uniqueIPs: 0,
  blockedRequests: 0,
  rateLimitHits: 0,
  suspiciousIPs: 0,
  topEndpoints: [] }
2025-06-29T08:55:38.271Z ℹ️ [INFO] [RateLimiter] Traffic Statistics: { totalRequests: 0,
  uniqueIPs: 0,
  blockedRequests: 0,
  rateLimitHits: 0,
  suspiciousIPs: 0,
  topEndpoints: [] }
2025-06-29T08:55:38.311Z ℹ️ [INFO] [RateLimiter] Traffic Statistics: { totalRequests: 0,
  uniqueIPs: 0,
  blockedRequests: 0,
  rateLimitHits: 0,
  suspiciousIPs: 0,
  topEndpoints: [] }
2025-06-29T08:55:38.332Z ℹ️ [INFO] [RateLimiter] Traffic Statistics: { totalRequests: 0,
  uniqueIPs: 0,
  blockedRequests: 0,
  rateLimitHits: 0,
  suspiciousIPs: 0,
  topEndpoints: [] }
2025-06-29T08:55:38.348Z ℹ️ [INFO] [RateLimiter] Traffic Statistics: { totalRequests: 0,
  uniqueIPs: 0,
  blockedRequests: 0,
  rateLimitHits: 0,
  suspiciousIPs: 0,
  topEndpoints: [] }
2025-06-29T08:55:38.352Z ℹ️ [INFO] [RateLimiter] Traffic Statistics: { totalRequests: 0,
  uniqueIPs: 0,
  blockedRequests: 0,
  rateLimitHits: 0,
  suspiciousIPs: 0,
  topEndpoints: [] }
2025-06-29T08:55:38.355Z ℹ️ [INFO] [RateLimiter] Traffic Statistics: { totalRequests: 0,
  uniqueIPs: 0,
  blockedRequests: 0,
  rateLimitHits: 0,
  suspiciousIPs: 0,
  topEndpoints: [] }
2025-06-29T08:55:38.362Z ℹ️ [INFO] [RateLimiter] Traffic Statistics: { totalRequests: 0,
  uniqueIPs: 0,
  blockedRequests: 0,
  rateLimitHits: 0,
  suspiciousIPs: 0,
  topEndpoints: [] }
2025-06-29T08:55:38.389Z ℹ️ [INFO] [RateLimiter] Traffic Statistics: { totalRequests: 0,
  uniqueIPs: 0,
  blockedRequests: 0,
  rateLimitHits: 0,
  suspiciousIPs: 0,
  topEndpoints: [] }
2025-06-29T08:55:38.392Z ℹ️ [INFO] [RateLimiter] Traffic Statistics: { totalRequests: 0,
  uniqueIPs: 0,
  blockedRequests: 0,
  rateLimitHits: 0,
  suspiciousIPs: 0,
  topEndpoints: [] }
2025-06-29T08:55:38.426Z ℹ️ [INFO] [RateLimiter] Traffic Statistics: { totalRequests: 0,
  uniqueIPs: 0,
  blockedRequests: 0,
  rateLimitHits: 0,
  suspiciousIPs: 0,
  topEndpoints: [] }
2025-06-29T08:55:38.430Z ℹ️ [INFO] [RateLimiter] Traffic Statistics: { totalRequests: 0,
  uniqueIPs: 0,
  blockedRequests: 0,
  rateLimitHits: 0,
  suspiciousIPs: 0,
  topEndpoints: [] }
2025-06-29T08:55:38.433Z ℹ️ [INFO] [RateLimiter] Traffic Statistics: { totalRequests: 0,
  uniqueIPs: 0,
  blockedRequests: 0,
  rateLimitHits: 0,
  suspiciousIPs: 0,
  topEndpoints: [] }
2025-06-29T08:55:43.271Z ℹ️ [INFO] [RateLimiter] Traffic Statistics: { totalRequests: 0,
  uniqueIPs: 0,
  blockedRequests: 0,
  rateLimitHits: 0,
  suspiciousIPs: 0,
  topEndpoints: [] }
2025-06-29T08:55:43.312Z ℹ️ [INFO] [RateLimiter] Traffic Statistics: { totalRequests: 0,
  uniqueIPs: 0,
  blockedRequests: 0,
  rateLimitHits: 0,
  suspiciousIPs: 0,
  topEndpoints: [] }
2025-06-29T08:55:43.333Z ℹ️ [INFO] [RateLimiter] Traffic Statistics: { totalRequests: 0,
  uniqueIPs: 0,
  blockedRequests: 0,
  rateLimitHits: 0,
  suspiciousIPs: 0,
  topEndpoints: [] }
2025-06-29T08:55:43.348Z ℹ️ [INFO] [RateLimiter] Traffic Statistics: { totalRequests: 0,
  uniqueIPs: 0,
  blockedRequests: 0,
  rateLimitHits: 0,
  suspiciousIPs: 0,
  topEndpoints: [] }
2025-06-29T08:55:43.352Z ℹ️ [INFO] [RateLimiter] Traffic Statistics: { totalRequests: 0,
  uniqueIPs: 0,
  blockedRequests: 0,
  rateLimitHits: 0,
  suspiciousIPs: 0,
  topEndpoints: [] }
2025-06-29T08:55:43.356Z ℹ️ [INFO] [RateLimiter] Traffic Statistics: { totalRequests: 0,
  uniqueIPs: 0,
  blockedRequests: 0,
  rateLimitHits: 0,
  suspiciousIPs: 0,
  topEndpoints: [] }
2025-06-29T08:55:43.363Z ℹ️ [INFO] [RateLimiter] Traffic Statistics: { totalRequests: 0,
  uniqueIPs: 0,
  blockedRequests: 0,
  rateLimitHits: 0,
  suspiciousIPs: 0,
  topEndpoints: [] }
2025-06-29T08:55:43.390Z ℹ️ [INFO] [RateLimiter] Traffic Statistics: { totalRequests: 0,
  uniqueIPs: 0,
  blockedRequests: 0,
  rateLimitHits: 0,
  suspiciousIPs: 0,
  topEndpoints: [] }
2025-06-29T08:55:43.392Z ℹ️ [INFO] [RateLimiter] Traffic Statistics: { totalRequests: 0,
  uniqueIPs: 0,
  blockedRequests: 0,
  rateLimitHits: 0,
  suspiciousIPs: 0,
  topEndpoints: [] }
2025-06-29T08:55:43.427Z ℹ️ [INFO] [RateLimiter] Traffic Statistics: { totalRequests: 0,
  uniqueIPs: 0,
  blockedRequests: 0,
  rateLimitHits: 0,
  suspiciousIPs: 0,
  topEndpoints: [] }
2025-06-29T08:55:43.432Z ℹ️ [INFO] [RateLimiter] Traffic Statistics: { totalRequests: 0,
  uniqueIPs: 0,
  blockedRequests: 0,
  rateLimitHits: 0,
  suspiciousIPs: 0,
  topEndpoints: [] }
2025-06-29T08:55:43.434Z ℹ️ [INFO] [RateLimiter] Traffic Statistics: { totalRequests: 0,
  uniqueIPs: 0,
  blockedRequests: 0,
  rateLimitHits: 0,
  suspiciousIPs: 0,
  topEndpoints: [] }
2025-06-29T08:55:48.272Z ℹ️ [INFO] [RateLimiter] Traffic Statistics: { totalRequests: 0,
  uniqueIPs: 0,
  blockedRequests: 0,
  rateLimitHits: 0,
  suspiciousIPs: 0,
  topEndpoints: [] }
2025-06-29T08:55:48.313Z ℹ️ [INFO] [RateLimiter] Traffic Statistics: { totalRequests: 0,
  uniqueIPs: 0,
  blockedRequests: 0,
  rateLimitHits: 0,
  suspiciousIPs: 0,
  topEndpoints: [] }
2025-06-29T08:55:48.334Z ℹ️ [INFO] [RateLimiter] Traffic Statistics: { totalRequests: 0,
  uniqueIPs: 0,
  blockedRequests: 0,
  rateLimitHits: 0,
  suspiciousIPs: 0,
  topEndpoints: [] }
2025-06-29T08:55:48.349Z ℹ️ [INFO] [RateLimiter] Traffic Statistics: { totalRequests: 0,
  uniqueIPs: 0,
  blockedRequests: 0,
  rateLimitHits: 0,
  suspiciousIPs: 0,
  topEndpoints: [] }
2025-06-29T08:55:48.352Z ℹ️ [INFO] [RateLimiter] Traffic Statistics: { totalRequests: 0,
  uniqueIPs: 0,
  blockedRequests: 0,
  rateLimitHits: 0,
  suspiciousIPs: 0,
  topEndpoints: [] }
2025-06-29T08:55:48.356Z ℹ️ [INFO] [RateLimiter] Traffic Statistics: { totalRequests: 0,
  uniqueIPs: 0,
  blockedRequests: 0,
  rateLimitHits: 0,
  suspiciousIPs: 0,
  topEndpoints: [] }
2025-06-29T08:55:48.363Z ℹ️ [INFO] [RateLimiter] Traffic Statistics: { totalRequests: 0,
  uniqueIPs: 0,
  blockedRequests: 0,
  rateLimitHits: 0,
  suspiciousIPs: 0,
  topEndpoints: [] }
2025-06-29T08:55:48.390Z ℹ️ [INFO] [RateLimiter] Traffic Statistics: { totalRequests: 0,
  uniqueIPs: 0,
  blockedRequests: 0,
  rateLimitHits: 0,
  suspiciousIPs: 0,
  topEndpoints: [] }
2025-06-29T08:55:48.392Z ℹ️ [INFO] [RateLimiter] Traffic Statistics: { totalRequests: 0,
  uniqueIPs: 0,
  blockedRequests: 0,
  rateLimitHits: 0,
  suspiciousIPs: 0,
  topEndpoints: [] }
2025-06-29T08:55:48.428Z ℹ️ [INFO] [RateLimiter] Traffic Statistics: { totalRequests: 0,
  uniqueIPs: 0,
  blockedRequests: 0,
  rateLimitHits: 0,
  suspiciousIPs: 0,
  topEndpoints: [] }
2025-06-29T08:55:48.432Z ℹ️ [INFO] [RateLimiter] Traffic Statistics: { totalRequests: 0,
  uniqueIPs: 0,
  blockedRequests: 0,
  rateLimitHits: 0,
  suspiciousIPs: 0,
  topEndpoints: [] }
2025-06-29T08:55:48.434Z ℹ️ [INFO] [RateLimiter] Traffic Statistics: { totalRequests: 0,
  uniqueIPs: 0,
  blockedRequests: 0,
  rateLimitHits: 0,
  suspiciousIPs: 0,
  topEndpoints: [] }
2025-06-29T08:55:53.273Z ℹ️ [INFO] [RateLimiter] Traffic Statistics: { totalRequests: 0,
  uniqueIPs: 0,
  blockedRequests: 0,
  rateLimitHits: 0,
  suspiciousIPs: 0,
  topEndpoints: [] }
2025-06-29T08:55:53.314Z ℹ️ [INFO] [RateLimiter] Traffic Statistics: { totalRequests: 0,
  uniqueIPs: 0,
  blockedRequests: 0,
  rateLimitHits: 0,
  suspiciousIPs: 0,
  topEndpoints: [] }
2025-06-29T08:55:53.333Z ℹ️ [INFO] [RateLimiter] Traffic Statistics: { totalRequests: 0,
  uniqueIPs: 0,
  blockedRequests: 0,
  rateLimitHits: 0,
  suspiciousIPs: 0,
  topEndpoints: [] }
2025-06-29T08:55:53.356Z ℹ️ [INFO] [RateLimiter] Traffic Statistics: { totalRequests: 0,
  uniqueIPs: 0,
  blockedRequests: 0,
  rateLimitHits: 0,
  suspiciousIPs: 0,
  topEndpoints: [] }
2025-06-29T08:55:53.349Z ℹ️ [INFO] [RateLimiter] Traffic Statistics: { totalRequests: 0,
  uniqueIPs: 0,
  blockedRequests: 0,
  rateLimitHits: 0,
  suspiciousIPs: 0,
  topEndpoints: [] }
2025-06-29T08:55:53.360Z ℹ️ [INFO] [RateLimiter] Traffic Statistics: { totalRequests: 0,
  uniqueIPs: 0,
  blockedRequests: 0,
  rateLimitHits: 0,
  suspiciousIPs: 0,
  topEndpoints: [] }
2025-06-29T08:55:53.363Z ℹ️ [INFO] [RateLimiter] Traffic Statistics: { totalRequests: 0,
  uniqueIPs: 0,
  blockedRequests: 0,
  rateLimitHits: 0,
  suspiciousIPs: 0,
  topEndpoints: [] }
2025-06-29T08:55:53.391Z ℹ️ [INFO] [RateLimiter] Traffic Statistics: { totalRequests: 0,
  uniqueIPs: 0,
  blockedRequests: 0,
  rateLimitHits: 0,
  suspiciousIPs: 0,
  topEndpoints: [] }
2025-06-29T08:55:53.393Z ℹ️ [INFO] [RateLimiter] Traffic Statistics: { totalRequests: 0,
  uniqueIPs: 0,
  blockedRequests: 0,
  rateLimitHits: 0,
  suspiciousIPs: 0,
  topEndpoints: [] }
2025-06-29T08:55:53.429Z ℹ️ [INFO] [RateLimiter] Traffic Statistics: { totalRequests: 0,
  uniqueIPs: 0,
  blockedRequests: 0,
  rateLimitHits: 0,
  suspiciousIPs: 0,
  topEndpoints: [] }
2025-06-29T08:55:53.433Z ℹ️ [INFO] [RateLimiter] Traffic Statistics: { totalRequests: 0,
  uniqueIPs: 0,
  blockedRequests: 0,
  rateLimitHits: 0,
  suspiciousIPs: 0,
  topEndpoints: [] }
2025-06-29T08:55:53.435Z ℹ️ [INFO] [RateLimiter] Traffic Statistics: { totalRequests: 0,
  uniqueIPs: 0,
  blockedRequests: 0,
  rateLimitHits: 0,
  suspiciousIPs: 0,
  topEndpoints: [] }
2025-06-29T08:55:58.264Z ℹ️ [INFO] [RateLimiter] Reset hourly statistics
2025-06-29T08:55:58.273Z ℹ️ [INFO] [RateLimiter] Traffic Statistics: { totalRequests: 0,
  uniqueIPs: 0,
  blockedRequests: 0,
  rateLimitHits: 0,
  suspiciousIPs: 0,
  topEndpoints: [] }
2025-06-29T08:55:58.308Z ℹ️ [INFO] [RateLimiter] Reset hourly statistics
2025-06-29T08:55:58.313Z ℹ️ [INFO] [RateLimiter] Reset hourly statistics
2025-06-29T08:55:58.316Z ℹ️ [INFO] [RateLimiter] Traffic Statistics: { totalRequests: 0,
  uniqueIPs: 0,
  blockedRequests: 0,
  rateLimitHits: 0,
  suspiciousIPs: 0,
  topEndpoints: [] }
2025-06-29T08:55:58.318Z ℹ️ [INFO] [RateLimiter] Reset hourly statistics
2025-06-29T08:55:58.320Z ℹ️ [INFO] [RateLimiter] Reset hourly statistics
2025-06-29T08:55:58.329Z ℹ️ [INFO] [RateLimiter] Reset hourly statistics
2025-06-29T08:55:58.332Z ℹ️ [INFO] [RateLimiter] Reset hourly statistics
2025-06-29T08:55:58.335Z ℹ️ [INFO] [RateLimiter] Traffic Statistics: { totalRequests: 0,
  uniqueIPs: 0,
  blockedRequests: 0,
  rateLimitHits: 0,
  suspiciousIPs: 0,
  topEndpoints: [] }
2025-06-29T08:55:58.337Z ℹ️ [INFO] [RateLimiter] Reset hourly statistics
2025-06-29T08:55:58.339Z ℹ️ [INFO] [RateLimiter] Reset hourly statistics
2025-06-29T08:55:58.341Z ℹ️ [INFO] [RateLimiter] Reset hourly statistics
2025-06-29T08:55:58.344Z ℹ️ [INFO] [RateLimiter] Reset hourly statistics
2025-06-29T08:55:58.347Z ℹ️ [INFO] [RateLimiter] Reset hourly statistics
2025-06-29T08:55:58.350Z ℹ️ [INFO] [RateLimiter] Traffic Statistics: { totalRequests: 0,
  uniqueIPs: 0,
  blockedRequests: 0,
  rateLimitHits: 0,
  suspiciousIPs: 0,
  topEndpoints: [] }
2025-06-29T08:55:58.356Z ℹ️ [INFO] [RateLimiter] Traffic Statistics: { totalRequests: 0,
  uniqueIPs: 0,
  blockedRequests: 0,
  rateLimitHits: 0,
  suspiciousIPs: 0,
  topEndpoints: [] }
2025-06-29T08:55:58.359Z ℹ️ [INFO] [RateLimiter] Traffic Statistics: { totalRequests: 0,
  uniqueIPs: 0,
  blockedRequests: 0,
  rateLimitHits: 0,
  suspiciousIPs: 0,
  topEndpoints: [] }
2025-06-29T08:55:58.364Z ℹ️ [INFO] [RateLimiter] Traffic Statistics: { totalRequests: 0,
  uniqueIPs: 0,
  blockedRequests: 0,
  rateLimitHits: 0,
  suspiciousIPs: 0,
  topEndpoints: [] }
2025-06-29T08:55:58.391Z ℹ️ [INFO] [RateLimiter] Traffic Statistics: { totalRequests: 0,
  uniqueIPs: 0,
  blockedRequests: 0,
  rateLimitHits: 0,
  suspiciousIPs: 0,
  topEndpoints: [] }
2025-06-29T08:55:58.393Z ℹ️ [INFO] [RateLimiter] Traffic Statistics: { totalRequests: 0,
  uniqueIPs: 0,
  blockedRequests: 0,
  rateLimitHits: 0,
  suspiciousIPs: 0,
  topEndpoints: [] }
2025-06-29T08:55:58.429Z ℹ️ [INFO] [RateLimiter] Traffic Statistics: { totalRequests: 0,
  uniqueIPs: 0,
  blockedRequests: 0,
  rateLimitHits: 0,
  suspiciousIPs: 0,
  topEndpoints: [] }
2025-06-29T08:55:58.432Z ℹ️ [INFO] [RateLimiter] Traffic Statistics: { totalRequests: 0,
  uniqueIPs: 0,
  blockedRequests: 0,
  rateLimitHits: 0,
  suspiciousIPs: 0,
  topEndpoints: [] }
2025-06-29T08:55:58.434Z ℹ️ [INFO] [RateLimiter] Traffic Statistics: { totalRequests: 0,
  uniqueIPs: 0,
  blockedRequests: 0,
  rateLimitHits: 0,
  suspiciousIPs: 0,
  topEndpoints: [] }
2025-06-29T08:56:03.275Z ℹ️ [INFO] [RateLimiter] Traffic Statistics: { totalRequests: 0,
  uniqueIPs: 0,
  blockedRequests: 0,
  rateLimitHits: 0,
  suspiciousIPs: 0,
  topEndpoints: [] }
2025-06-29T08:56:03.317Z ℹ️ [INFO] [RateLimiter] Traffic Statistics: { totalRequests: 0,
  uniqueIPs: 0,
  blockedRequests: 0,
  rateLimitHits: 0,
  suspiciousIPs: 0,
  topEndpoints: [] }
2025-06-29T08:56:03.335Z ℹ️ [INFO] [RateLimiter] Traffic Statistics: { totalRequests: 0,
  uniqueIPs: 0,
  blockedRequests: 0,
  rateLimitHits: 0,
  suspiciousIPs: 0,
  topEndpoints: [] }
2025-06-29T08:56:03.351Z ℹ️ [INFO] [RateLimiter] Traffic Statistics: { totalRequests: 0,
  uniqueIPs: 0,
  blockedRequests: 0,
  rateLimitHits: 0,
  suspiciousIPs: 0,
  topEndpoints: [] }
2025-06-29T08:56:03.357Z ℹ️ [INFO] [RateLimiter] Traffic Statistics: { totalRequests: 0,
  uniqueIPs: 0,
  blockedRequests: 0,
  rateLimitHits: 0,
  suspiciousIPs: 0,
  topEndpoints: [] }
2025-06-29T08:56:03.361Z ℹ️ [INFO] [RateLimiter] Traffic Statistics: { totalRequests: 0,
  uniqueIPs: 0,
  blockedRequests: 0,
  rateLimitHits: 0,
  suspiciousIPs: 0,
  topEndpoints: [] }
2025-06-29T08:56:03.368Z ℹ️ [INFO] [RateLimiter] Traffic Statistics: { totalRequests: 0,
  uniqueIPs: 0,
  blockedRequests: 0,
  rateLimitHits: 0,
  suspiciousIPs: 0,
  topEndpoints: [] }
2025-06-29T08:56:03.391Z ℹ️ [INFO] [RateLimiter] Traffic Statistics: { totalRequests: 0,
  uniqueIPs: 0,
  blockedRequests: 0,
  rateLimitHits: 0,
  suspiciousIPs: 0,
  topEndpoints: [] }
2025-06-29T08:56:03.393Z ℹ️ [INFO] [RateLimiter] Traffic Statistics: { totalRequests: 0,
  uniqueIPs: 0,
  blockedRequests: 0,
  rateLimitHits: 0,
  suspiciousIPs: 0,
  topEndpoints: [] }
2025-06-29T08:56:03.431Z ℹ️ [INFO] [RateLimiter] Traffic Statistics: { totalRequests: 0,
  uniqueIPs: 0,
  blockedRequests: 0,
  rateLimitHits: 0,
  suspiciousIPs: 0,
  topEndpoints: [] }
2025-06-29T08:56:03.433Z ℹ️ [INFO] [RateLimiter] Traffic Statistics: { totalRequests: 0,
  uniqueIPs: 0,
  blockedRequests: 0,
  rateLimitHits: 0,
  suspiciousIPs: 0,
  topEndpoints: [] }
2025-06-29T08:56:03.436Z ℹ️ [INFO] [RateLimiter] Traffic Statistics: { totalRequests: 0,
  uniqueIPs: 0,
  blockedRequests: 0,
  rateLimitHits: 0,
  suspiciousIPs: 0,
  topEndpoints: [] }
2025-06-29T08:56:08.297Z ℹ️ [INFO] [RateLimiter] Traffic Statistics: { totalRequests: 0,
  uniqueIPs: 0,
  blockedRequests: 0,
  rateLimitHits: 0,
  suspiciousIPs: 0,
  topEndpoints: [] }
2025-06-29T08:56:08.318Z ℹ️ [INFO] [RateLimiter] Traffic Statistics: { totalRequests: 0,
  uniqueIPs: 0,
  blockedRequests: 0,
  rateLimitHits: 0,
  suspiciousIPs: 0,
  topEndpoints: [] }
2025-06-29T08:56:08.335Z ℹ️ [INFO] [RateLimiter] Traffic Statistics: { totalRequests: 0,
  uniqueIPs: 0,
  blockedRequests: 0,
  rateLimitHits: 0,
  suspiciousIPs: 0,
  topEndpoints: [] }
2025-06-29T08:56:08.352Z ℹ️ [INFO] [RateLimiter] Traffic Statistics: { totalRequests: 0,
  uniqueIPs: 0,
  blockedRequests: 0,
  rateLimitHits: 0,
  suspiciousIPs: 0,
  topEndpoints: [] }
2025-06-29T08:56:08.357Z ℹ️ [INFO] [RateLimiter] Traffic Statistics: { totalRequests: 0,
  uniqueIPs: 0,
  blockedRequests: 0,
  rateLimitHits: 0,
  suspiciousIPs: 0,
  topEndpoints: [] }
2025-06-29T08:56:08.362Z ℹ️ [INFO] [RateLimiter] Traffic Statistics: { totalRequests: 0,
  uniqueIPs: 0,
  blockedRequests: 0,
  rateLimitHits: 0,
  suspiciousIPs: 0,
  topEndpoints: [] }
2025-06-29T08:56:08.368Z ℹ️ [INFO] [RateLimiter] Traffic Statistics: { totalRequests: 0,
  uniqueIPs: 0,
  blockedRequests: 0,
  rateLimitHits: 0,
  suspiciousIPs: 0,
  topEndpoints: [] }
2025-06-29T08:56:08.392Z ℹ️ [INFO] [RateLimiter] Traffic Statistics: { totalRequests: 0,
  uniqueIPs: 0,
  blockedRequests: 0,
  rateLimitHits: 0,
  suspiciousIPs: 0,
  topEndpoints: [] }
2025-06-29T08:56:08.394Z ℹ️ [INFO] [RateLimiter] Traffic Statistics: { totalRequests: 0,
  uniqueIPs: 0,
  blockedRequests: 0,
  rateLimitHits: 0,
  suspiciousIPs: 0,
  topEndpoints: [] }
2025-06-29T08:56:08.431Z ℹ️ [INFO] [RateLimiter] Traffic Statistics: { totalRequests: 0,
  uniqueIPs: 0,
  blockedRequests: 0,
  rateLimitHits: 0,
  suspiciousIPs: 0,
  topEndpoints: [] }
2025-06-29T08:56:08.433Z ℹ️ [INFO] [RateLimiter] Traffic Statistics: { totalRequests: 0,
  uniqueIPs: 0,
  blockedRequests: 0,
  rateLimitHits: 0,
  suspiciousIPs: 0,
  topEndpoints: [] }
2025-06-29T08:56:08.436Z ℹ️ [INFO] [RateLimiter] Traffic Statistics: { totalRequests: 0,
  uniqueIPs: 0,
  blockedRequests: 0,
  rateLimitHits: 0,
  suspiciousIPs: 0,
  topEndpoints: [] }
2025-06-29T08:56:13.297Z ℹ️ [INFO] [RateLimiter] Traffic Statistics: { totalRequests: 0,
  uniqueIPs: 0,
  blockedRequests: 0,
  rateLimitHits: 0,
  suspiciousIPs: 0,
  topEndpoints: [] }
2025-06-29T08:56:13.318Z ℹ️ [INFO] [RateLimiter] Traffic Statistics: { totalRequests: 0,
  uniqueIPs: 0,
  blockedRequests: 0,
  rateLimitHits: 0,
  suspiciousIPs: 0,
  topEndpoints: [] }
2025-06-29T08:56:13.335Z ℹ️ [INFO] [RateLimiter] Traffic Statistics: { totalRequests: 0,
  uniqueIPs: 0,
  blockedRequests: 0,
  rateLimitHits: 0,
  suspiciousIPs: 0,
  topEndpoints: [] }
2025-06-29T08:56:13.353Z ℹ️ [INFO] [RateLimiter] Traffic Statistics: { totalRequests: 0,
  uniqueIPs: 0,
  blockedRequests: 0,
  rateLimitHits: 0,
  suspiciousIPs: 0,
  topEndpoints: [] }
2025-06-29T08:56:13.358Z ℹ️ [INFO] [RateLimiter] Traffic Statistics: { totalRequests: 0,
  uniqueIPs: 0,
  blockedRequests: 0,
  rateLimitHits: 0,
  suspiciousIPs: 0,
  topEndpoints: [] }
2025-06-29T08:56:13.361Z ℹ️ [INFO] [RateLimiter] Traffic Statistics: { totalRequests: 0,
  uniqueIPs: 0,
  blockedRequests: 0,
  rateLimitHits: 0,
  suspiciousIPs: 0,
  topEndpoints: [] }
2025-06-29T08:56:13.380Z ℹ️ [INFO] [RateLimiter] Traffic Statistics: { totalRequests: 0,
  uniqueIPs: 0,
  blockedRequests: 0,
  rateLimitHits: 0,
  suspiciousIPs: 0,
  topEndpoints: [] }
2025-06-29T08:56:13.392Z ℹ️ [INFO] [RateLimiter] Traffic Statistics: { totalRequests: 0,
  uniqueIPs: 0,
  blockedRequests: 0,
  rateLimitHits: 0,
  suspiciousIPs: 0,
  topEndpoints: [] }
2025-06-29T08:56:13.423Z ℹ️ [INFO] [RateLimiter] Traffic Statistics: { totalRequests: 0,
  uniqueIPs: 0,
  blockedRequests: 0,
  rateLimitHits: 0,
  suspiciousIPs: 0,
  topEndpoints: [] }
2025-06-29T08:56:13.432Z ℹ️ [INFO] [RateLimiter] Traffic Statistics: { totalRequests: 0,
  uniqueIPs: 0,
  blockedRequests: 0,
  rateLimitHits: 0,
  suspiciousIPs: 0,
  topEndpoints: [] }
2025-06-29T08:56:13.434Z ℹ️ [INFO] [RateLimiter] Traffic Statistics: { totalRequests: 0,
  uniqueIPs: 0,
  blockedRequests: 0,
  rateLimitHits: 0,
  suspiciousIPs: 0,
  topEndpoints: [] }
2025-06-29T08:56:13.436Z ℹ️ [INFO] [RateLimiter] Traffic Statistics: { totalRequests: 0,
  uniqueIPs: 0,
  blockedRequests: 0,
  rateLimitHits: 0,
  suspiciousIPs: 0,
  topEndpoints: [] }
2025-06-29T08:56:18.298Z ℹ️ [INFO] [RateLimiter] Traffic Statistics: { totalRequests: 0,
  uniqueIPs: 0,
  blockedRequests: 0,
  rateLimitHits: 0,
  suspiciousIPs: 0,
  topEndpoints: [] }
2025-06-29T08:56:18.318Z ℹ️ [INFO] [RateLimiter] Traffic Statistics: { totalRequests: 0,
  uniqueIPs: 0,
  blockedRequests: 0,
  rateLimitHits: 0,
  suspiciousIPs: 0,
  topEndpoints: [] }
2025-06-29T08:56:18.336Z ℹ️ [INFO] [RateLimiter] Traffic Statistics: { totalRequests: 0,
  uniqueIPs: 0,
  blockedRequests: 0,
  rateLimitHits: 0,
  suspiciousIPs: 0,
  topEndpoints: [] }
2025-06-29T08:56:18.354Z ℹ️ [INFO] [RateLimiter] Traffic Statistics: { totalRequests: 0,
  uniqueIPs: 0,
  blockedRequests: 0,
  rateLimitHits: 0,
  suspiciousIPs: 0,
  topEndpoints: [] }
2025-06-29T08:56:18.357Z ℹ️ [INFO] [RateLimiter] Traffic Statistics: { totalRequests: 0,
  uniqueIPs: 0,
  blockedRequests: 0,
  rateLimitHits: 0,
  suspiciousIPs: 0,
  topEndpoints: [] }
2025-06-29T08:56:18.361Z ℹ️ [INFO] [RateLimiter] Traffic Statistics: { totalRequests: 0,
  uniqueIPs: 0,
  blockedRequests: 0,
  rateLimitHits: 0,
  suspiciousIPs: 0,
  topEndpoints: [] }
2025-06-29T08:56:18.381Z ℹ️ [INFO] [RateLimiter] Traffic Statistics: { totalRequests: 0,
  uniqueIPs: 0,
  blockedRequests: 0,
  rateLimitHits: 0,
  suspiciousIPs: 0,
  topEndpoints: [] }
2025-06-29T08:56:18.394Z ℹ️ [INFO] [RateLimiter] Traffic Statistics: { totalRequests: 0,
  uniqueIPs: 0,
  blockedRequests: 0,
  rateLimitHits: 0,
  suspiciousIPs: 0,
  topEndpoints: [] }
2025-06-29T08:56:18.424Z ℹ️ [INFO] [RateLimiter] Traffic Statistics: { totalRequests: 0,
  uniqueIPs: 0,
  blockedRequests: 0,
  rateLimitHits: 0,
  suspiciousIPs: 0,
  topEndpoints: [] }
2025-06-29T08:56:18.433Z ℹ️ [INFO] [RateLimiter] Traffic Statistics: { totalRequests: 0,
  uniqueIPs: 0,
  blockedRequests: 0,
  rateLimitHits: 0,
  suspiciousIPs: 0,
  topEndpoints: [] }
2025-06-29T08:56:18.436Z ℹ️ [INFO] [RateLimiter] Traffic Statistics: { totalRequests: 0,
  uniqueIPs: 0,
  blockedRequests: 0,
  rateLimitHits: 0,
  suspiciousIPs: 0,
  topEndpoints: [] }
2025-06-29T08:56:18.438Z ℹ️ [INFO] [RateLimiter] Traffic Statistics: { totalRequests: 0,
  uniqueIPs: 0,
  blockedRequests: 0,
  rateLimitHits: 0,
  suspiciousIPs: 0,
  topEndpoints: [] }
2025-06-29T08:56:23.297Z ℹ️ [INFO] [RateLimiter] Traffic Statistics: { totalRequests: 0,
  uniqueIPs: 0,
  blockedRequests: 0,
  rateLimitHits: 0,
  suspiciousIPs: 0,
  topEndpoints: [] }
2025-06-29T08:56:23.319Z ℹ️ [INFO] [RateLimiter] Traffic Statistics: { totalRequests: 0,
  uniqueIPs: 0,
  blockedRequests: 0,
  rateLimitHits: 0,
  suspiciousIPs: 0,
  topEndpoints: [] }
2025-06-29T08:56:23.337Z ℹ️ [INFO] [RateLimiter] Traffic Statistics: { totalRequests: 0,
  uniqueIPs: 0,
  blockedRequests: 0,
  rateLimitHits: 0,
  suspiciousIPs: 0,
  topEndpoints: [] }
2025-06-29T08:56:23.355Z ℹ️ [INFO] [RateLimiter] Traffic Statistics: { totalRequests: 0,
  uniqueIPs: 0,
  blockedRequests: 0,
  rateLimitHits: 0,
  suspiciousIPs: 0,
  topEndpoints: [] }
2025-06-29T08:56:23.357Z ℹ️ [INFO] [RateLimiter] Traffic Statistics: { totalRequests: 0,
  uniqueIPs: 0,
  blockedRequests: 0,
  rateLimitHits: 0,
  suspiciousIPs: 0,
  topEndpoints: [] }
2025-06-29T08:56:23.362Z ℹ️ [INFO] [RateLimiter] Traffic Statistics: { totalRequests: 0,
  uniqueIPs: 0,
  blockedRequests: 0,
  rateLimitHits: 0,
  suspiciousIPs: 0,
  topEndpoints: [] }
2025-06-29T08:56:23.382Z ℹ️ [INFO] [RateLimiter] Traffic Statistics: { totalRequests: 0,
  uniqueIPs: 0,
  blockedRequests: 0,
  rateLimitHits: 0,
  suspiciousIPs: 0,
  topEndpoints: [] }
2025-06-29T08:56:23.393Z ℹ️ [INFO] [RateLimiter] Traffic Statistics: { totalRequests: 0,
  uniqueIPs: 0,
  blockedRequests: 0,
  rateLimitHits: 0,
  suspiciousIPs: 0,
  topEndpoints: [] }
2025-06-29T08:56:23.425Z ℹ️ [INFO] [RateLimiter] Traffic Statistics: { totalRequests: 0,
  uniqueIPs: 0,
  blockedRequests: 0,
  rateLimitHits: 0,
  suspiciousIPs: 0,
  topEndpoints: [] }
2025-06-29T08:56:23.434Z ℹ️ [INFO] [RateLimiter] Traffic Statistics: { totalRequests: 0,
  uniqueIPs: 0,
  blockedRequests: 0,
  rateLimitHits: 0,
  suspiciousIPs: 0,
  topEndpoints: [] }
2025-06-29T08:56:23.437Z ℹ️ [INFO] [RateLimiter] Traffic Statistics: { totalRequests: 0,
  uniqueIPs: 0,
  blockedRequests: 0,
  rateLimitHits: 0,
  suspiciousIPs: 0,
  topEndpoints: [] }
2025-06-29T08:56:23.439Z ℹ️ [INFO] [RateLimiter] Traffic Statistics: { totalRequests: 0,
  uniqueIPs: 0,
  blockedRequests: 0,
  rateLimitHits: 0,
  suspiciousIPs: 0,
  topEndpoints: [] }
2025-06-29T08:56:28.297Z ℹ️ [INFO] [RateLimiter] Traffic Statistics: { totalRequests: 0,
  uniqueIPs: 0,
  blockedRequests: 0,
  rateLimitHits: 0,
  suspiciousIPs: 0,
  topEndpoints: [] }
2025-06-29T08:56:28.320Z ℹ️ [INFO] [RateLimiter] Traffic Statistics: { totalRequests: 0,
  uniqueIPs: 0,
  blockedRequests: 0,
  rateLimitHits: 0,
  suspiciousIPs: 0,
  topEndpoints: [] }
2025-06-29T08:56:28.338Z ℹ️ [INFO] [RateLimiter] Traffic Statistics: { totalRequests: 0,
  uniqueIPs: 0,
  blockedRequests: 0,
  rateLimitHits: 0,
  suspiciousIPs: 0,
  topEndpoints: [] }
2025-06-29T08:56:28.356Z ℹ️ [INFO] [RateLimiter] Traffic Statistics: { totalRequests: 0,
  uniqueIPs: 0,
  blockedRequests: 0,
  rateLimitHits: 0,
  suspiciousIPs: 0,
  topEndpoints: [] }
2025-06-29T08:56:28.358Z ℹ️ [INFO] [RateLimiter] Traffic Statistics: { totalRequests: 0,
  uniqueIPs: 0,
  blockedRequests: 0,
  rateLimitHits: 0,
  suspiciousIPs: 0,
  topEndpoints: [] }
2025-06-29T08:56:28.361Z ℹ️ [INFO] [RateLimiter] Traffic Statistics: { totalRequests: 0,
  uniqueIPs: 0,
  blockedRequests: 0,
  rateLimitHits: 0,
  suspiciousIPs: 0,
  topEndpoints: [] }
2025-06-29T08:56:28.383Z ℹ️ [INFO] [RateLimiter] Traffic Statistics: { totalRequests: 0,
  uniqueIPs: 0,
  blockedRequests: 0,
  rateLimitHits: 0,
  suspiciousIPs: 0,
  topEndpoints: [] }
2025-06-29T08:56:28.394Z ℹ️ [INFO] [RateLimiter] Traffic Statistics: { totalRequests: 0,
  uniqueIPs: 0,
  blockedRequests: 0,
  rateLimitHits: 0,
  suspiciousIPs: 0,
  topEndpoints: [] }
2025-06-29T08:56:28.426Z ℹ️ [INFO] [RateLimiter] Traffic Statistics: { totalRequests: 0,
  uniqueIPs: 0,
  blockedRequests: 0,
  rateLimitHits: 0,
  suspiciousIPs: 0,
  topEndpoints: [] }
2025-06-29T08:56:28.435Z ℹ️ [INFO] [RateLimiter] Traffic Statistics: { totalRequests: 0,
  uniqueIPs: 0,
  blockedRequests: 0,
  rateLimitHits: 0,
  suspiciousIPs: 0,
  topEndpoints: [] }
2025-06-29T08:56:28.437Z ℹ️ [INFO] [RateLimiter] Traffic Statistics: { totalRequests: 0,
  uniqueIPs: 0,
  blockedRequests: 0,
  rateLimitHits: 0,
  suspiciousIPs: 0,
  topEndpoints: [] }
2025-06-29T08:56:28.439Z ℹ️ [INFO] [RateLimiter] Traffic Statistics: { totalRequests: 0,
  uniqueIPs: 0,
  blockedRequests: 0,
  rateLimitHits: 0,
  suspiciousIPs: 0,
  topEndpoints: [] }
2025-06-29T08:56:33.298Z ℹ️ [INFO] [RateLimiter] Traffic Statistics: { totalRequests: 0,
  uniqueIPs: 0,
  blockedRequests: 0,
  rateLimitHits: 0,
  suspiciousIPs: 0,
  topEndpoints: [] }
2025-06-29T08:56:33.320Z ℹ️ [INFO] [RateLimiter] Traffic Statistics: { totalRequests: 0,
  uniqueIPs: 0,
  blockedRequests: 0,
  rateLimitHits: 0,
  suspiciousIPs: 0,
  topEndpoints: [] }
2025-06-29T08:56:33.339Z ℹ️ [INFO] [RateLimiter] Traffic Statistics: { totalRequests: 0,
  uniqueIPs: 0,
  blockedRequests: 0,
  rateLimitHits: 0,
  suspiciousIPs: 0,
  topEndpoints: [] }
2025-06-29T08:56:33.356Z ℹ️ [INFO] [RateLimiter] Traffic Statistics: { totalRequests: 0,
  uniqueIPs: 0,
  blockedRequests: 0,
  rateLimitHits: 0,
  suspiciousIPs: 0,
  topEndpoints: [] }
2025-06-29T08:56:33.358Z ℹ️ [INFO] [RateLimiter] Traffic Statistics: { totalRequests: 0,
  uniqueIPs: 0,
  blockedRequests: 0,
  rateLimitHits: 0,
  suspiciousIPs: 0,
  topEndpoints: [] }
2025-06-29T08:56:33.362Z ℹ️ [INFO] [RateLimiter] Traffic Statistics: { totalRequests: 0,
  uniqueIPs: 0,
  blockedRequests: 0,
  rateLimitHits: 0,
  suspiciousIPs: 0,
  topEndpoints: [] }
2025-06-29T08:56:33.384Z ℹ️ [INFO] [RateLimiter] Traffic Statistics: { totalRequests: 0,
  uniqueIPs: 0,
  blockedRequests: 0,
  rateLimitHits: 0,
  suspiciousIPs: 0,
  topEndpoints: [] }
2025-06-29T08:56:33.395Z ℹ️ [INFO] [RateLimiter] Traffic Statistics: { totalRequests: 0,
  uniqueIPs: 0,
  blockedRequests: 0,
  rateLimitHits: 0,
  suspiciousIPs: 0,
  topEndpoints: [] }
2025-06-29T08:56:33.426Z ℹ️ [INFO] [RateLimiter] Traffic Statistics: { totalRequests: 0,
  uniqueIPs: 0,
  blockedRequests: 0,
  rateLimitHits: 0,
  suspiciousIPs: 0,
  topEndpoints: [] }
2025-06-29T08:56:33.435Z ℹ️ [INFO] [RateLimiter] Traffic Statistics: { totalRequests: 0,
  uniqueIPs: 0,
  blockedRequests: 0,
  rateLimitHits: 0,
  suspiciousIPs: 0,
  topEndpoints: [] }
2025-06-29T08:56:33.437Z ℹ️ [INFO] [RateLimiter] Traffic Statistics: { totalRequests: 0,
  uniqueIPs: 0,
  blockedRequests: 0,
  rateLimitHits: 0,
  suspiciousIPs: 0,
  topEndpoints: [] }
2025-06-29T08:56:33.440Z ℹ️ [INFO] [RateLimiter] Traffic Statistics: { totalRequests: 0,
  uniqueIPs: 0,
  blockedRequests: 0,
  rateLimitHits: 0,
  suspiciousIPs: 0,
  topEndpoints: [] }
2025-06-29T08:56:38.299Z ℹ️ [INFO] [RateLimiter] Traffic Statistics: { totalRequests: 0,
  uniqueIPs: 0,
  blockedRequests: 0,
  rateLimitHits: 0,
  suspiciousIPs: 0,
  topEndpoints: [] }
2025-06-29T08:56:38.320Z ℹ️ [INFO] [RateLimiter] Traffic Statistics: { totalRequests: 0,
  uniqueIPs: 0,
  blockedRequests: 0,
  rateLimitHits: 0,
  suspiciousIPs: 0,
  topEndpoints: [] }
2025-06-29T08:56:38.339Z ℹ️ [INFO] [RateLimiter] Traffic Statistics: { totalRequests: 0,
  uniqueIPs: 0,
  blockedRequests: 0,
  rateLimitHits: 0,
  suspiciousIPs: 0,
  topEndpoints: [] }
2025-06-29T08:56:38.355Z ℹ️ [INFO] [RateLimiter] Traffic Statistics: { totalRequests: 0,
  uniqueIPs: 0,
  blockedRequests: 0,
  rateLimitHits: 0,
  suspiciousIPs: 0,
  topEndpoints: [] }
2025-06-29T08:56:38.358Z ℹ️ [INFO] [RateLimiter] Traffic Statistics: { totalRequests: 0,
  uniqueIPs: 0,
  blockedRequests: 0,
  rateLimitHits: 0,
  suspiciousIPs: 0,
  topEndpoints: [] }
2025-06-29T08:56:38.363Z ℹ️ [INFO] [RateLimiter] Traffic Statistics: { totalRequests: 0,
  uniqueIPs: 0,
  blockedRequests: 0,
  rateLimitHits: 0,
  suspiciousIPs: 0,
  topEndpoints: [] }
2025-06-29T08:56:38.386Z ℹ️ [INFO] [RateLimiter] Traffic Statistics: { totalRequests: 0,
  uniqueIPs: 0,
  blockedRequests: 0,
  rateLimitHits: 0,
  suspiciousIPs: 0,
  topEndpoints: [] }
2025-06-29T08:56:38.395Z ℹ️ [INFO] [RateLimiter] Traffic Statistics: { totalRequests: 0,
  uniqueIPs: 0,
  blockedRequests: 0,
  rateLimitHits: 0,
  suspiciousIPs: 0,
  topEndpoints: [] }
2025-06-29T08:56:38.427Z ℹ️ [INFO] [RateLimiter] Traffic Statistics: { totalRequests: 0,
  uniqueIPs: 0,
  blockedRequests: 0,
  rateLimitHits: 0,
  suspiciousIPs: 0,
  topEndpoints: [] }
2025-06-29T08:56:38.436Z ℹ️ [INFO] [RateLimiter] Traffic Statistics: { totalRequests: 0,
  uniqueIPs: 0,
  blockedRequests: 0,
  rateLimitHits: 0,
  suspiciousIPs: 0,
  topEndpoints: [] }
2025-06-29T08:56:38.439Z ℹ️ [INFO] [RateLimiter] Traffic Statistics: { totalRequests: 0,
  uniqueIPs: 0,
  blockedRequests: 0,
  rateLimitHits: 0,
  suspiciousIPs: 0,
  topEndpoints: [] }
2025-06-29T08:56:38.442Z ℹ️ [INFO] [RateLimiter] Traffic Statistics: { totalRequests: 0,
  uniqueIPs: 0,
  blockedRequests: 0,
  rateLimitHits: 0,
  suspiciousIPs: 0,
  topEndpoints: [] }
2025-06-29T08:56:43.301Z ℹ️ [INFO] [RateLimiter] Traffic Statistics: { totalRequests: 0,
  uniqueIPs: 0,
  blockedRequests: 0,
  rateLimitHits: 0,
  suspiciousIPs: 0,
  topEndpoints: [] }
2025-06-29T08:56:43.321Z ℹ️ [INFO] [RateLimiter] Traffic Statistics: { totalRequests: 0,
  uniqueIPs: 0,
  blockedRequests: 0,
  rateLimitHits: 0,
  suspiciousIPs: 0,
  topEndpoints: [] }
2025-06-29T08:56:43.339Z ℹ️ [INFO] [RateLimiter] Traffic Statistics: { totalRequests: 0,
  uniqueIPs: 0,
  blockedRequests: 0,
  rateLimitHits: 0,
  suspiciousIPs: 0,
  topEndpoints: [] }
2025-06-29T08:56:43.356Z ℹ️ [INFO] [RateLimiter] Traffic Statistics: { totalRequests: 0,
  uniqueIPs: 0,
  blockedRequests: 0,
  rateLimitHits: 0,
  suspiciousIPs: 0,
  topEndpoints: [] }
2025-06-29T08:56:43.358Z ℹ️ [INFO] [RateLimiter] Traffic Statistics: { totalRequests: 0,
  uniqueIPs: 0,
  blockedRequests: 0,
  rateLimitHits: 0,
  suspiciousIPs: 0,
  topEndpoints: [] }
2025-06-29T08:56:43.364Z ℹ️ [INFO] [RateLimiter] Traffic Statistics: { totalRequests: 0,
  uniqueIPs: 0,
  blockedRequests: 0,
  rateLimitHits: 0,
  suspiciousIPs: 0,
  topEndpoints: [] }
2025-06-29T08:56:43.386Z ℹ️ [INFO] [RateLimiter] Traffic Statistics: { totalRequests: 0,
  uniqueIPs: 0,
  blockedRequests: 0,
  rateLimitHits: 0,
  suspiciousIPs: 0,
  topEndpoints: [] }
2025-06-29T08:56:43.397Z ℹ️ [INFO] [RateLimiter] Traffic Statistics: { totalRequests: 0,
  uniqueIPs: 0,
  blockedRequests: 0,
  rateLimitHits: 0,
  suspiciousIPs: 0,
  topEndpoints: [] }
2025-06-29T08:56:43.428Z ℹ️ [INFO] [RateLimiter] Traffic Statistics: { totalRequests: 0,
  uniqueIPs: 0,
  blockedRequests: 0,
  rateLimitHits: 0,
  suspiciousIPs: 0,
  topEndpoints: [] }
2025-06-29T08:56:43.436Z ℹ️ [INFO] [RateLimiter] Traffic Statistics: { totalRequests: 0,
  uniqueIPs: 0,
  blockedRequests: 0,
  rateLimitHits: 0,
  suspiciousIPs: 0,
  topEndpoints: [] }
2025-06-29T08:56:43.439Z ℹ️ [INFO] [RateLimiter] Traffic Statistics: { totalRequests: 0,
  uniqueIPs: 0,
  blockedRequests: 0,
  rateLimitHits: 0,
  suspiciousIPs: 0,
  topEndpoints: [] }
2025-06-29T08:56:43.442Z ℹ️ [INFO] [RateLimiter] Traffic Statistics: { totalRequests: 0,
  uniqueIPs: 0,
  blockedRequests: 0,
  rateLimitHits: 0,
  suspiciousIPs: 0,
  topEndpoints: [] }
2025-06-29T08:56:48.300Z ℹ️ [INFO] [RateLimiter] Traffic Statistics: { totalRequests: 0,
  uniqueIPs: 0,
  blockedRequests: 0,
  rateLimitHits: 0,
  suspiciousIPs: 0,
  topEndpoints: [] }
2025-06-29T08:56:48.321Z ℹ️ [INFO] [RateLimiter] Traffic Statistics: { totalRequests: 0,
  uniqueIPs: 0,
  blockedRequests: 0,
  rateLimitHits: 0,
  suspiciousIPs: 0,
  topEndpoints: [] }
2025-06-29T08:56:48.339Z ℹ️ [INFO] [RateLimiter] Traffic Statistics: { totalRequests: 0,
  uniqueIPs: 0,
  blockedRequests: 0,
  rateLimitHits: 0,
  suspiciousIPs: 0,
  topEndpoints: [] }
2025-06-29T08:56:48.355Z ℹ️ [INFO] [RateLimiter] Traffic Statistics: { totalRequests: 0,
  uniqueIPs: 0,
  blockedRequests: 0,
  rateLimitHits: 0,
  suspiciousIPs: 0,
  topEndpoints: [] }
2025-06-29T08:56:48.359Z ℹ️ [INFO] [RateLimiter] Traffic Statistics: { totalRequests: 0,
  uniqueIPs: 0,
  blockedRequests: 0,
  rateLimitHits: 0,
  suspiciousIPs: 0,
  topEndpoints: [] }
2025-06-29T08:56:48.364Z ℹ️ [INFO] [RateLimiter] Traffic Statistics: { totalRequests: 0,
  uniqueIPs: 0,
  blockedRequests: 0,
  rateLimitHits: 0,
  suspiciousIPs: 0,
  topEndpoints: [] }
2025-06-29T08:56:48.387Z ℹ️ [INFO] [RateLimiter] Traffic Statistics: { totalRequests: 0,
  uniqueIPs: 0,
  blockedRequests: 0,
  rateLimitHits: 0,
  suspiciousIPs: 0,
  topEndpoints: [] }
2025-06-29T08:56:48.397Z ℹ️ [INFO] [RateLimiter] Traffic Statistics: { totalRequests: 0,
  uniqueIPs: 0,
  blockedRequests: 0,
  rateLimitHits: 0,
  suspiciousIPs: 0,
  topEndpoints: [] }
2025-06-29T08:56:48.429Z ℹ️ [INFO] [RateLimiter] Traffic Statistics: { totalRequests: 0,
  uniqueIPs: 0,
  blockedRequests: 0,
  rateLimitHits: 0,
  suspiciousIPs: 0,
  topEndpoints: [] }
2025-06-29T08:56:48.437Z ℹ️ [INFO] [RateLimiter] Traffic Statistics: { totalRequests: 0,
  uniqueIPs: 0,
  blockedRequests: 0,
  rateLimitHits: 0,
  suspiciousIPs: 0,
  topEndpoints: [] }
2025-06-29T08:56:48.440Z ℹ️ [INFO] [RateLimiter] Traffic Statistics: { totalRequests: 0,
  uniqueIPs: 0,
  blockedRequests: 0,
  rateLimitHits: 0,
  suspiciousIPs: 0,
  topEndpoints: [] }
2025-06-29T08:56:48.443Z ℹ️ [INFO] [RateLimiter] Traffic Statistics: { totalRequests: 0,
  uniqueIPs: 0,
  blockedRequests: 0,
  rateLimitHits: 0,
  suspiciousIPs: 0,
  topEndpoints: [] }
2025-06-29T08:56:53.301Z ℹ️ [INFO] [RateLimiter] Traffic Statistics: { totalRequests: 0,
  uniqueIPs: 0,
  blockedRequests: 0,
  rateLimitHits: 0,
  suspiciousIPs: 0,
  topEndpoints: [] }
2025-06-29T08:56:53.322Z ℹ️ [INFO] [RateLimiter] Traffic Statistics: { totalRequests: 0,
  uniqueIPs: 0,
  blockedRequests: 0,
  rateLimitHits: 0,
  suspiciousIPs: 0,
  topEndpoints: [] }
2025-06-29T08:56:53.341Z ℹ️ [INFO] [RateLimiter] Traffic Statistics: { totalRequests: 0,
  uniqueIPs: 0,
  blockedRequests: 0,
  rateLimitHits: 0,
  suspiciousIPs: 0,
  topEndpoints: [] }
2025-06-29T08:56:53.356Z ℹ️ [INFO] [RateLimiter] Traffic Statistics: { totalRequests: 0,
  uniqueIPs: 0,
  blockedRequests: 0,
  rateLimitHits: 0,
  suspiciousIPs: 0,
  topEndpoints: [] }
2025-06-29T08:56:53.360Z ℹ️ [INFO] [RateLimiter] Traffic Statistics: { totalRequests: 0,
  uniqueIPs: 0,
  blockedRequests: 0,
  rateLimitHits: 0,
  suspiciousIPs: 0,
  topEndpoints: [] }
2025-06-29T08:56:53.364Z ℹ️ [INFO] [RateLimiter] Traffic Statistics: { totalRequests: 0,
  uniqueIPs: 0,
  blockedRequests: 0,
  rateLimitHits: 0,
  suspiciousIPs: 0,
  topEndpoints: [] }
2025-06-29T08:56:53.388Z ℹ️ [INFO] [RateLimiter] Traffic Statistics: { totalRequests: 0,
  uniqueIPs: 0,
  blockedRequests: 0,
  rateLimitHits: 0,
  suspiciousIPs: 0,
  topEndpoints: [] }
2025-06-29T08:56:53.398Z ℹ️ [INFO] [RateLimiter] Traffic Statistics: { totalRequests: 0,
  uniqueIPs: 0,
  blockedRequests: 0,
  rateLimitHits: 0,
  suspiciousIPs: 0,
  topEndpoints: [] }
2025-06-29T08:56:53.430Z ℹ️ [INFO] [RateLimiter] Traffic Statistics: { totalRequests: 0,
  uniqueIPs: 0,
  blockedRequests: 0,
  rateLimitHits: 0,
  suspiciousIPs: 0,
  topEndpoints: [] }
2025-06-29T08:56:53.461Z ℹ️ [INFO] [RateLimiter] Traffic Statistics: { totalRequests: 0,
  uniqueIPs: 0,
  blockedRequests: 0,
  rateLimitHits: 0,
  suspiciousIPs: 0,
  topEndpoints: [] }
2025-06-29T08:56:53.465Z ℹ️ [INFO] [RateLimiter] Traffic Statistics: { totalRequests: 0,
  uniqueIPs: 0,
  blockedRequests: 0,
  rateLimitHits: 0,
  suspiciousIPs: 0,
  topEndpoints: [] }
2025-06-29T08:56:53.468Z ℹ️ [INFO] [RateLimiter] Traffic Statistics: { totalRequests: 0,
  uniqueIPs: 0,
  blockedRequests: 0,
  rateLimitHits: 0,
  suspiciousIPs: 0,
  topEndpoints: [] }
